<?xml version="1.0" encoding="UTF-8"?>
<!-- Generated by org.testng.reporters.JUnitXMLReporter -->
<testsuite hostname="DESKTOP-A3IF0UD" name="Default test" tests="15" failures="0" timestamp="19 Nov 2020 15:49:31 GMT" time="30.315" errors="0">
  <testcase name="testLogin" time="5.19" classname="testCases.HybridExecuteTest"/>
  <testcase name="testLogin" time="2.727" classname="testCases.HybridExecuteTest"/>
  <testcase name="testLogin" time="4.892" classname="testCases.HybridExecuteTest"/>
  <testcase name="testLogin" time="0.313" classname="testCases.HybridExecuteTest"/>
  <testcase name="testLogin" time="0.207" classname="testCases.HybridExecuteTest"/>
  <testcase name="testLogin" time="0.315" classname="testCases.HybridExecuteTest"/>
  <testcase name="testLogin" time="0.204" classname="testCases.HybridExecuteTest"/>
  <testcase name="testLogin" time="0.006" classname="testCases.HybridExecuteTest"/>
  <testcase name="testLogin" time="3.542" classname="testCases.HybridExecuteTest"/>
  <testcase name="testLogin" time="7.143" classname="testCases.HybridExecuteTest"/>
  <testcase name="testLogin" time="2.401" classname="testCases.HybridExecuteTest"/>
  <testcase name="testLogin" time="0.202" classname="testCases.HybridExecuteTest"/>
  <testcase name="testLogin" time="0.229" classname="testCases.HybridExecuteTest"/>
  <testcase name="testLogin" time="1.999" classname="testCases.HybridExecuteTest"/>
  <testcase name="testLogin" time="0.158" classname="testCases.HybridExecuteTest"/>
</testsuite> <!-- Default test -->
